<?xml version="1.0" encoding="UTF-8"?>
<!-- Generated by org.testng.reporters.JUnitXMLReporter -->
<testsuite ignored="0" hostname="LT-MBP-086.local" failures="0" tests="2" name="/Users/mohammadk/sample-testng-class-runner" time="12.436" errors="0" timestamp="14 Jul 2023 09:13:39 GMT">
  <testcase classname="com.example.testcases.TestCase1" name="test" time="3.846"/>
  <testcase classname="com.example.testcases.TestCase2" name="test" time="4.411"/>
</testsuite> <!-- /Users/mohammadk/sample-testng-class-runner -->
