<?xml version="1.0" encoding="UTF-8"?>
<testng-results ignored="0" total="2" passed="2" failed="0" skipped="0">
  <reporter-output>
  </reporter-output>
  <suite started-at="2023-07-14T09:27:16Z" name="All Test Suite" finished-at="2023-07-14T09:27:26Z" duration-ms="10593">
    <groups>
    </groups>
    <test started-at="2023-07-14T09:27:16Z" name="/Users/mohammadk/sample-testng-class-runner" finished-at="2023-07-14T09:27:26Z" duration-ms="10593">
      <class name="com.example.testcases.TestCase2">
        <test-method is-config="true" signature="beforeMethod()[pri:0, instance:com.example.testcases.TestCase2@64d2d351]" started-at="2023-07-14T09:27:16Z" name="beforeMethod" finished-at="2023-07-14T09:27:22Z" duration-ms="5901" status="PASS">
          <reporter-output>
          </reporter-output>
        </test-method> <!-- beforeMethod -->
        <test-method signature="test()[pri:0, instance:com.example.testcases.TestCase2@64d2d351]" started-at="2023-07-14T09:27:22Z" name="test" finished-at="2023-07-14T09:27:26Z" duration-ms="4181" status="PASS">
          <reporter-output>
          </reporter-output>
        </test-method> <!-- test -->
        <test-method is-config="true" signature="afterMethod()[pri:0, instance:com.example.testcases.TestCase2@64d2d351]" started-at="2023-07-14T09:27:26Z" name="afterMethod" finished-at="2023-07-14T09:27:26Z" duration-ms="289" status="PASS">
          <reporter-output>
          </reporter-output>
        </test-method> <!-- afterMethod -->
      </class> <!-- com.example.testcases.TestCase2 -->
      <class name="com.example.testcases.TestCase1">
        <test-method is-config="true" signature="beforeMethod()[pri:0, instance:com.example.testcases.TestCase1@6b53e23f]" started-at="2023-07-14T09:27:16Z" name="beforeMethod" finished-at="2023-07-14T09:27:22Z" duration-ms="6068" status="PASS">
          <reporter-output>
          </reporter-output>
        </test-method> <!-- beforeMethod -->
        <test-method signature="test()[pri:0, instance:com.example.testcases.TestCase1@6b53e23f]" started-at="2023-07-14T09:27:22Z" name="test" finished-at="2023-07-14T09:27:26Z" duration-ms="4198" status="PASS">
          <reporter-output>
          </reporter-output>
        </test-method> <!-- test -->
        <test-method is-config="true" signature="afterMethod()[pri:0, instance:com.example.testcases.TestCase1@6b53e23f]" started-at="2023-07-14T09:27:26Z" name="afterMethod" finished-at="2023-07-14T09:27:26Z" duration-ms="301" status="PASS">
          <reporter-output>
          </reporter-output>
        </test-method> <!-- afterMethod -->
      </class> <!-- com.example.testcases.TestCase1 -->
    </test> <!-- /Users/mohammadk/sample-testng-class-runner -->
  </suite> <!-- All Test Suite -->
</testng-results>
