<?xml version="1.0" encoding="UTF-8"?>
<testng-results ignored="0" total="2" passed="2" failed="0" skipped="0">
  <reporter-output>
  </reporter-output>
  <suite started-at="2023-07-14T09:13:26Z" name="All Test Suite" finished-at="2023-07-14T09:13:39Z" duration-ms="12436">
    <groups>
    </groups>
    <test started-at="2023-07-14T09:13:26Z" name="/Users/mohammadk/sample-testng-class-runner" finished-at="2023-07-14T09:13:39Z" duration-ms="12436">
      <class name="com.example.testcases.TestCase2">
        <test-method is-config="true" signature="beforeMethod()[pri:0, instance:com.example.testcases.TestCase2@64d2d351]" started-at="2023-07-14T09:13:26Z" name="beforeMethod" finished-at="2023-07-14T09:13:34Z" duration-ms="7677" status="PASS">
          <reporter-output>
          </reporter-output>
        </test-method> <!-- beforeMethod -->
        <test-method signature="test()[pri:0, instance:com.example.testcases.TestCase2@64d2d351]" started-at="2023-07-14T09:13:34Z" name="test" finished-at="2023-07-14T09:13:39Z" duration-ms="4411" status="PASS">
          <reporter-output>
          </reporter-output>
        </test-method> <!-- test -->
        <test-method is-config="true" signature="afterMethod()[pri:0, instance:com.example.testcases.TestCase2@64d2d351]" started-at="2023-07-14T09:13:39Z" name="afterMethod" finished-at="2023-07-14T09:13:39Z" duration-ms="318" status="PASS">
          <reporter-output>
          </reporter-output>
        </test-method> <!-- afterMethod -->
      </class> <!-- com.example.testcases.TestCase2 -->
      <class name="com.example.testcases.TestCase1">
        <test-method is-config="true" signature="beforeMethod()[pri:0, instance:com.example.testcases.TestCase1@6b53e23f]" started-at="2023-07-14T09:13:26Z" name="beforeMethod" finished-at="2023-07-14T09:13:33Z" duration-ms="6403" status="PASS">
          <reporter-output>
          </reporter-output>
        </test-method> <!-- beforeMethod -->
        <test-method signature="test()[pri:0, instance:com.example.testcases.TestCase1@6b53e23f]" started-at="2023-07-14T09:13:33Z" name="test" finished-at="2023-07-14T09:13:37Z" duration-ms="3846" status="PASS">
          <reporter-output>
          </reporter-output>
        </test-method> <!-- test -->
        <test-method is-config="true" signature="afterMethod()[pri:0, instance:com.example.testcases.TestCase1@6b53e23f]" started-at="2023-07-14T09:13:37Z" name="afterMethod" finished-at="2023-07-14T09:13:37Z" duration-ms="277" status="PASS">
          <reporter-output>
          </reporter-output>
        </test-method> <!-- afterMethod -->
      </class> <!-- com.example.testcases.TestCase1 -->
    </test> <!-- /Users/mohammadk/sample-testng-class-runner -->
  </suite> <!-- All Test Suite -->
</testng-results>
